NameList -- data
deltaT		0.00100000 
density		0.800000 
initUcell	50 50 
limitVel	4 
nebrTabFac	8 
randSeed	17 
rangeVel	3.00000 
rNebrShell	0.400000 
sizeHistVel	50 
stepAvg		100 
stepEquil	0 
stepLimit	1000 
stepVel		5 
temperature	1.00000 
----
vdist (0.020)
   0.030    0.000
   0.090    0.000
   0.150    0.000
   0.210    0.000
   0.270    0.000
   0.330    0.000
   0.390    0.000
   0.450    0.000
   0.510    0.000
   0.570    0.000
   0.630    0.000
   0.690    0.000
   0.750    0.000
   0.810    0.000
   0.870    0.000
   0.930    0.000
   0.990    0.000
   1.050    0.000
   1.110    0.000
   1.170    0.000
   1.230    0.000
   1.290    0.000
   1.350    0.164
   1.410    0.833
   1.470    0.003
   1.530    0.000
   1.590    0.000
   1.650    0.000
   1.710    0.000
   1.770    0.000
   1.830    0.000
   1.890    0.000
   1.950    0.000
   2.010    0.000
   2.070    0.000
   2.130    0.000
   2.190    0.000
   2.250    0.000
   2.310    0.000
   2.370    0.000
   2.430    0.000
   2.490    0.000
   2.550    0.000
   2.610    0.000
   2.670    0.000
   2.730    0.000
   2.790    0.000
   2.850    0.000
   2.910    0.000
   2.970    0.000
hfun:    0.020   -0.802
vdist (0.040)
   0.030    0.000
   0.090    0.000
   0.150    0.000
   0.210    0.000
   0.270    0.000
   0.330    0.000
   0.390    0.000
   0.450    0.000
   0.510    0.000
   0.570    0.000
   0.630    0.000
   0.690    0.000
   0.750    0.000
   0.810    0.000
   0.870    0.000
   0.930    0.000
   0.990    0.000
   1.050    0.000
   1.110    0.014
   1.170    0.038
   1.230    0.087
   1.290    0.186
   1.350    0.371
   1.410    0.297
   1.470    0.007
   1.530    0.000
   1.590    0.000
   1.650    0.000
   1.710    0.000
   1.770    0.000
   1.830    0.000
   1.890    0.000
   1.950    0.000
   2.010    0.000
   2.070    0.000
   2.130    0.000
   2.190    0.000
   2.250    0.000
   2.310    0.000
   2.370    0.000
   2.430    0.000
   2.490    0.000
   2.550    0.000
   2.610    0.000
   2.670    0.000
   2.730    0.000
   2.790    0.000
   2.850    0.000
   2.910    0.000
   2.970    0.000
hfun:    0.040   -1.760
vdist (0.060)
   0.030    0.000
   0.090    0.000
   0.150    0.000
   0.210    0.000
   0.270    0.000
   0.330    0.000
   0.390    0.000
   0.450    0.000
   0.510    0.000
   0.570    0.006
   0.630    0.009
   0.690    0.009
   0.750    0.019
   0.810    0.023
   0.870    0.028
   0.930    0.043
   0.990    0.049
   1.050    0.074
   1.110    0.081
   1.170    0.095
   1.230    0.109
   1.290    0.127
   1.350    0.165
   1.410    0.148
   1.470    0.014
   1.530    0.001
   1.590    0.000
   1.650    0.000
   1.710    0.000
   1.770    0.000
   1.830    0.000
   1.890    0.000
   1.950    0.000
   2.010    0.000
   2.070    0.000
   2.130    0.000
   2.190    0.000
   2.250    0.000
   2.310    0.000
   2.370    0.000
   2.430    0.000
   2.490    0.000
   2.550    0.000
   2.610    0.000
   2.670    0.000
   2.730    0.000
   2.790    0.000
   2.850    0.000
   2.910    0.000
   2.970    0.000
hfun:    0.060   -2.588
vdist (0.080)
   0.030    0.002
   0.090    0.006
   0.150    0.009
   0.210    0.017
   0.270    0.019
   0.330    0.020
   0.390    0.025
   0.450    0.027
   0.510    0.025
   0.570    0.027
   0.630    0.029
   0.690    0.032
   0.750    0.032
   0.810    0.038
   0.870    0.043
   0.930    0.045
   0.990    0.048
   1.050    0.054
   1.110    0.056
   1.170    0.063
   1.230    0.064
   1.290    0.082
   1.350    0.117
   1.410    0.090
   1.470    0.027
   1.530    0.002
   1.590    0.000
   1.650    0.000
   1.710    0.000
   1.770    0.000
   1.830    0.000
   1.890    0.000
   1.950    0.000
   2.010    0.000
   2.070    0.000
   2.130    0.000
   2.190    0.000
   2.250    0.000
   2.310    0.000
   2.370    0.000
   2.430    0.000
   2.490    0.000
   2.550    0.000
   2.610    0.000
   2.670    0.000
   2.730    0.000
   2.790    0.000
   2.850    0.000
   2.910    0.000
   2.970    0.000
hfun:    0.080   -2.900
vdist (0.100)
   0.030    0.002
   0.090    0.007
   0.150    0.011
   0.210    0.013
   0.270    0.019
   0.330    0.024
   0.390    0.026
   0.450    0.031
   0.510    0.033
   0.570    0.035
   0.630    0.037
   0.690    0.042
   0.750    0.042
   0.810    0.049
   0.870    0.046
   0.930    0.046
   0.990    0.054
   1.050    0.046
   1.110    0.049
   1.170    0.052
   1.230    0.062
   1.290    0.076
   1.350    0.082
   1.410    0.066
   1.470    0.033
   1.530    0.014
   1.590    0.003
   1.650    0.000
   1.710    0.000
   1.770    0.000
   1.830    0.000
   1.890    0.000
   1.950    0.000
   2.010    0.000
   2.070    0.000
   2.130    0.000
   2.190    0.000
   2.250    0.000
   2.310    0.000
   2.370    0.000
   2.430    0.000
   2.490    0.000
   2.550    0.000
   2.610    0.000
   2.670    0.000
   2.730    0.000
   2.790    0.000
   2.850    0.000
   2.910    0.000
   2.970    0.000
hfun:    0.100   -2.959
  100   0.1000 -0.0000  1.0004  0.0000  0.7477  0.1842
vdist (0.120)
   0.030    0.001
   0.090    0.003
   0.150    0.007
   0.210    0.010
   0.270    0.013
   0.330    0.016
   0.390    0.019
   0.450    0.018
   0.510    0.023
   0.570    0.025
   0.630    0.030
   0.690    0.035
   0.750    0.036
   0.810    0.040
   0.870    0.042
   0.930    0.055
   0.990    0.055
   1.050    0.057
   1.110    0.063
   1.170    0.072
   1.230    0.074
   1.290    0.071
   1.350    0.076
   1.410    0.060
   1.470    0.040
   1.530    0.029
   1.590    0.018
   1.650    0.008
   1.710    0.003
   1.770    0.001
   1.830    0.000
   1.890    0.000
   1.950    0.000
   2.010    0.000
   2.070    0.000
   2.130    0.000
   2.190    0.000
   2.250    0.000
   2.310    0.000
   2.370    0.000
   2.430    0.000
   2.490    0.000
   2.550    0.000
   2.610    0.000
   2.670    0.000
   2.730    0.000
   2.790    0.000
   2.850    0.000
   2.910    0.000
   2.970    0.000
hfun:    0.120   -3.063
vdist (0.140)
   0.030    0.000
   0.090    0.003
   0.150    0.005
   0.210    0.008
   0.270    0.013
   0.330    0.018
   0.390    0.020
   0.450    0.020
   0.510    0.025
   0.570    0.024
   0.630    0.028
   0.690    0.033
   0.750    0.039
   0.810    0.038
   0.870    0.047
   0.930    0.048
   0.990    0.054
   1.050    0.050
   1.110    0.055
   1.170    0.057
   1.230    0.059
   1.290    0.061
   1.350    0.065
   1.410    0.063
   1.470    0.051
   1.530    0.036
   1.590    0.034
   1.650    0.021
   1.710    0.014
   1.770    0.008
   1.830    0.004
   1.890    0.002
   1.950    0.000
   2.010    0.000
   2.070    0.000
   2.130    0.000
   2.190    0.000
   2.250    0.000
   2.310    0.000
   2.370    0.000
   2.430    0.000
   2.490    0.000
   2.550    0.000
   2.610    0.000
   2.670    0.000
   2.730    0.000
   2.790    0.000
   2.850    0.000
   2.910    0.000
   2.970    0.000
hfun:    0.140   -3.196
vdist (0.160)
   0.030    0.003
   0.090    0.006
   0.150    0.011
   0.210    0.014
   0.270    0.017
   0.330    0.021
   0.390    0.023
   0.450    0.025
   0.510    0.029
   0.570    0.031
   0.630    0.032
   0.690    0.034
   0.750    0.035
   0.810    0.039
   0.870    0.045
   0.930    0.040
   0.990    0.046
   1.050    0.046
   1.110    0.051
   1.170    0.050
   1.230    0.053
   1.290    0.051
   1.350    0.051
   1.410    0.051
   1.470    0.052
   1.530    0.038
   1.590    0.033
   1.650    0.024
   1.710    0.018
   1.770    0.012
   1.830    0.008
   1.890    0.004
   1.950    0.003
   2.010    0.002
   2.070    0.000
   2.130    0.000
   2.190    0.000
   2.250    0.000
   2.310    0.000
   2.370    0.000
   2.430    0.000
   2.490    0.000
   2.550    0.000
   2.610    0.000
   2.670    0.000
   2.730    0.000
   2.790    0.000
   2.850    0.000
   2.910    0.000
   2.970    0.000
hfun:    0.160   -3.248
vdist (0.180)
   0.030    0.002
   0.090    0.005
   0.150    0.010
   0.210    0.012
   0.270    0.018
   0.330    0.023
   0.390    0.024
   0.450    0.026
   0.510    0.035
   0.570    0.033
   0.630    0.037
   0.690    0.033
   0.750    0.043
   0.810    0.039
   0.870    0.048
   0.930    0.046
   0.990    0.041
   1.050    0.046
   1.110    0.052
   1.170    0.046
   1.230    0.053
   1.290    0.045
   1.350    0.046
   1.410    0.053
   1.470    0.044
   1.530    0.040
   1.590    0.026
   1.650    0.024
   1.710    0.018
   1.770    0.013
   1.830    0.009
   1.890    0.003
   1.950    0.004
   2.010    0.002
   2.070    0.001
   2.130    0.000
   2.190    0.000
   2.250    0.000
   2.310    0.000
   2.370    0.000
   2.430    0.000
   2.490    0.000
   2.550    0.000
   2.610    0.000
   2.670    0.000
   2.730    0.000
   2.790    0.000
   2.850    0.000
   2.910    0.000
   2.970    0.000
hfun:    0.180   -3.241
vdist (0.200)
   0.030    0.003
   0.090    0.005
   0.150    0.009
   0.210    0.009
   0.270    0.015
   0.330    0.018
   0.390    0.019
   0.450    0.023
   0.510    0.031
   0.570    0.037
   0.630    0.039
   0.690    0.039
   0.750    0.041
   0.810    0.041
   0.870    0.042
   0.930    0.048
   0.990    0.048
   1.050    0.051
   1.110    0.056
   1.170    0.052
   1.230    0.053
   1.290    0.050
   1.350    0.045
   1.410    0.049
   1.470    0.041
   1.530    0.036
   1.590    0.029
   1.650    0.024
   1.710    0.019
   1.770    0.012
   1.830    0.008
   1.890    0.004
   1.950    0.003
   2.010    0.003
   2.070    0.001
   2.130    0.001
   2.190    0.000
   2.250    0.000
   2.310    0.000
   2.370    0.000
   2.430    0.000
   2.490    0.000
   2.550    0.000
   2.610    0.000
   2.670    0.000
   2.730    0.000
   2.790    0.000
   2.850    0.000
   2.910    0.000
   2.970    0.000
hfun:    0.200   -3.247
  200   0.2000 -0.0000  1.0004  0.0000  0.6205  0.0214
vdist (0.220)
   0.030    0.002
   0.090    0.005
   0.150    0.009
   0.210    0.010
   0.270    0.013
   0.330    0.015
   0.390    0.018
   0.450    0.023
   0.510    0.033
   0.570    0.035
   0.630    0.036
   0.690    0.038
   0.750    0.040
   0.810    0.042
   0.870    0.047
   0.930    0.047
   0.990    0.048
   1.050    0.049
   1.110    0.048
   1.170    0.053
   1.230    0.052
   1.290    0.057
   1.350    0.048
   1.410    0.049
   1.470    0.039
   1.530    0.033
   1.590    0.029
   1.650    0.024
   1.710    0.019
   1.770    0.014
   1.830    0.008
   1.890    0.006
   1.950    0.005
   2.010    0.003
   2.070    0.001
   2.130    0.001
   2.190    0.000
   2.250    0.000
   2.310    0.000
   2.370    0.000
   2.430    0.000
   2.490    0.000
   2.550    0.000
   2.610    0.000
   2.670    0.000
   2.730    0.000
   2.790    0.000
   2.850    0.000
   2.910    0.000
   2.970    0.000
hfun:    0.220   -3.267
vdist (0.240)
   0.030    0.002
   0.090    0.004
   0.150    0.011
   0.210    0.012
   0.270    0.017
   0.330    0.019
   0.390    0.023
   0.450    0.027
   0.510    0.030
   0.570    0.030
   0.630    0.031
   0.690    0.037
   0.750    0.038
   0.810    0.037
   0.870    0.045
   0.930    0.049
   0.990    0.049
   1.050    0.053
   1.110    0.046
   1.170    0.051
   1.230    0.053
   1.290    0.048
   1.350    0.047
   1.410    0.050
   1.470    0.043
   1.530    0.030
   1.590    0.030
   1.650    0.022
   1.710    0.017
   1.770    0.012
   1.830    0.012
   1.890    0.009
   1.950    0.006
   2.010    0.004
   2.070    0.002
   2.130    0.001
   2.190    0.000
   2.250    0.000
   2.310    0.000
   2.370    0.000
   2.430    0.000
   2.490    0.000
   2.550    0.000
   2.610    0.000
   2.670    0.000
   2.730    0.000
   2.790    0.000
   2.850    0.000
   2.910    0.000
   2.970    0.000
hfun:    0.240   -3.284
vdist (0.260)
   0.030    0.002
   0.090    0.005
   0.150    0.009
   0.210    0.015
   0.270    0.018
   0.330    0.021
   0.390    0.025
   0.450    0.028
   0.510    0.028
   0.570    0.030
   0.630    0.028
   0.690    0.036
   0.750    0.040
   0.810    0.046
   0.870    0.047
   0.930    0.047
   0.990    0.053
   1.050    0.045
   1.110    0.046
   1.170    0.053
   1.230    0.045
   1.290    0.052
   1.350    0.045
   1.410    0.048
   1.470    0.037
   1.530    0.034
   1.590    0.027
   1.650    0.022
   1.710    0.019
   1.770    0.017
   1.830    0.011
   1.890    0.009
   1.950    0.005
   2.010    0.006
   2.070    0.002
   2.130    0.001
   2.190    0.001
   2.250    0.000
   2.310    0.000
   2.370    0.000
   2.430    0.000
   2.490    0.000
   2.550    0.000
   2.610    0.000
   2.670    0.000
   2.730    0.000
   2.790    0.000
   2.850    0.000
   2.910    0.000
   2.970    0.000
hfun:    0.260   -3.292
vdist (0.280)
   0.030    0.002
   0.090    0.005
   0.150    0.009
   0.210    0.013
   0.270    0.014
   0.330    0.021
   0.390    0.024
   0.450    0.029
   0.510    0.033
   0.570    0.035
   0.630    0.032
   0.690    0.040
   0.750    0.041
   0.810    0.043
   0.870    0.046
   0.930    0.047
   0.990    0.049
   1.050    0.045
   1.110    0.048
   1.170    0.046
   1.230    0.044
   1.290    0.049
   1.350    0.050
   1.410    0.039
   1.470    0.038
   1.530    0.030
   1.590    0.029
   1.650    0.026
   1.710    0.021
   1.770    0.013
   1.830    0.014
   1.890    0.009
   1.950    0.005
   2.010    0.005
   2.070    0.003
   2.130    0.001
   2.190    0.001
   2.250    0.000
   2.310    0.000
   2.370    0.000
   2.430    0.000
   2.490    0.000
   2.550    0.000
   2.610    0.000
   2.670    0.000
   2.730    0.000
   2.790    0.000
   2.850    0.000
   2.910    0.000
   2.970    0.000
hfun:    0.280   -3.299
vdist (0.300)
   0.030    0.001
   0.090    0.006
   0.150    0.010
   0.210    0.012
   0.270    0.016
   0.330    0.021
   0.390    0.028
   0.450    0.031
   0.510    0.031
   0.570    0.036
   0.630    0.033
   0.690    0.037
   0.750    0.043
   0.810    0.044
   0.870    0.048
   0.930    0.045
   0.990    0.045
   1.050    0.046
   1.110    0.046
   1.170    0.046
   1.230    0.049
   1.290    0.045
   1.350    0.042
   1.410    0.037
   1.470    0.037
   1.530    0.033
   1.590    0.028
   1.650    0.025
   1.710    0.023
   1.770    0.015
   1.830    0.011
   1.890    0.010
   1.950    0.006
   2.010    0.006
   2.070    0.002
   2.130    0.003
   2.190    0.000
   2.250    0.000
   2.310    0.000
   2.370    0.000
   2.430    0.001
   2.490    0.000
   2.550    0.000
   2.610    0.000
   2.670    0.000
   2.730    0.000
   2.790    0.000
   2.850    0.000
   2.910    0.000
   2.970    0.000
hfun:    0.300   -3.308
  300   0.3000 -0.0000  1.0004  0.0000  0.6352  0.0019
vdist (0.320)
   0.030    0.003
   0.090    0.006
   0.150    0.010
   0.210    0.013
   0.270    0.018
   0.330    0.020
   0.390    0.024
   0.450    0.025
   0.510    0.034
   0.570    0.037
   0.630    0.039
   0.690    0.038
   0.750    0.043
   0.810    0.045
   0.870    0.045
   0.930    0.045
   0.990    0.046
   1.050    0.048
   1.110    0.041
   1.170    0.048
   1.230    0.044
   1.290    0.048
   1.350    0.042
   1.410    0.039
   1.470    0.033
   1.530    0.027
   1.590    0.029
   1.650    0.028
   1.710    0.023
   1.770    0.017
   1.830    0.009
   1.890    0.011
   1.950    0.008
   2.010    0.006
   2.070    0.002
   2.130    0.004
   2.190    0.001
   2.250    0.001
   2.310    0.000
   2.370    0.000
   2.430    0.000
   2.490    0.000
   2.550    0.000
   2.610    0.000
   2.670    0.000
   2.730    0.000
   2.790    0.000
   2.850    0.000
   2.910    0.000
   2.970    0.000
hfun:    0.320   -3.320
vdist (0.340)
   0.030    0.002
   0.090    0.006
   0.150    0.010
   0.210    0.013
   0.270    0.017
   0.330    0.022
   0.390    0.025
   0.450    0.026
   0.510    0.035
   0.570    0.036
   0.630    0.036
   0.690    0.039
   0.750    0.042
   0.810    0.044
   0.870    0.044
   0.930    0.047
   0.990    0.049
   1.050    0.051
   1.110    0.043
   1.170    0.043
   1.230    0.039
   1.290    0.043
   1.350    0.039
   1.410    0.042
   1.470    0.033
   1.530    0.031
   1.590    0.030
   1.650    0.028
   1.710    0.019
   1.770    0.017
   1.830    0.015
   1.890    0.007
   1.950    0.009
   2.010    0.006
   2.070    0.004
   2.130    0.002
   2.190    0.002
   2.250    0.001
   2.310    0.001
   2.370    0.000
   2.430    0.001
   2.490    0.000
   2.550    0.000
   2.610    0.000
   2.670    0.000
   2.730    0.000
   2.790    0.000
   2.850    0.000
   2.910    0.000
   2.970    0.000
hfun:    0.340   -3.331
vdist (0.360)
   0.030    0.003
   0.090    0.005
   0.150    0.011
   0.210    0.015
   0.270    0.018
   0.330    0.020
   0.390    0.023
   0.450    0.031
   0.510    0.037
   0.570    0.036
   0.630    0.038
   0.690    0.040
   0.750    0.042
   0.810    0.041
   0.870    0.051
   0.930    0.044
   0.990    0.046
   1.050    0.050
   1.110    0.044
   1.170    0.040
   1.230    0.042
   1.290    0.042
   1.350    0.040
   1.410    0.035
   1.470    0.036
   1.530    0.032
   1.590    0.027
   1.650    0.022
   1.710    0.022
   1.770    0.015
   1.830    0.010
   1.890    0.012
   1.950    0.007
   2.010    0.006
   2.070    0.005
   2.130    0.004
   2.190    0.003
   2.250    0.001
   2.310    0.000
   2.370    0.001
   2.430    0.000
   2.490    0.000
   2.550    0.000
   2.610    0.000
   2.670    0.000
   2.730    0.000
   2.790    0.000
   2.850    0.000
   2.910    0.000
   2.970    0.000
hfun:    0.360   -3.331
vdist (0.380)
   0.030    0.004
   0.090    0.008
   0.150    0.012
   0.210    0.019
   0.270    0.019
   0.330    0.021
   0.390    0.026
   0.450    0.027
   0.510    0.033
   0.570    0.039
   0.630    0.040
   0.690    0.041
   0.750    0.042
   0.810    0.042
   0.870    0.049
   0.930    0.046
   0.990    0.043
   1.050    0.045
   1.110    0.045
   1.170    0.044
   1.230    0.044
   1.290    0.041
   1.350    0.037
   1.410    0.037
   1.470    0.031
   1.530    0.031
   1.590    0.021
   1.650    0.019
   1.710    0.020
   1.770    0.016
   1.830    0.010
   1.890    0.011
   1.950    0.010
   2.010    0.007
   2.070    0.003
   2.130    0.005
   2.190    0.004
   2.250    0.003
   2.310    0.001
   2.370    0.001
   2.430    0.000
   2.490    0.000
   2.550    0.001
   2.610    0.000
   2.670    0.000
   2.730    0.000
   2.790    0.000
   2.850    0.000
   2.910    0.000
   2.970    0.000
hfun:    0.380   -3.331
vdist (0.400)
   0.030    0.004
   0.090    0.008
   0.150    0.014
   0.210    0.018
   0.270    0.019
   0.330    0.022
   0.390    0.030
   0.450    0.031
   0.510    0.031
   0.570    0.037
   0.630    0.040
   0.690    0.043
   0.750    0.039
   0.810    0.043
   0.870    0.044
   0.930    0.045
   0.990    0.049
   1.050    0.048
   1.110    0.046
   1.170    0.044
   1.230    0.041
   1.290    0.035
   1.350    0.037
   1.410    0.036
   1.470    0.030
   1.530    0.029
   1.590    0.024
   1.650    0.018
   1.710    0.017
   1.770    0.016
   1.830    0.011
   1.890    0.011
   1.950    0.008
   2.010    0.009
   2.070    0.007
   2.130    0.004
   2.190    0.003
   2.250    0.003
   2.310    0.002
   2.370    0.001
   2.430    0.001
   2.490    0.000
   2.550    0.001
   2.610    0.000
   2.670    0.000
   2.730    0.000
   2.790    0.000
   2.850    0.000
   2.910    0.000
   2.970    0.000
hfun:    0.400   -3.340
  400   0.4000 -0.0000  1.0004  0.0000  0.6373  0.0038
vdist (0.420)
   0.030    0.003
   0.090    0.008
   0.150    0.010
   0.210    0.016
   0.270    0.021
   0.330    0.024
   0.390    0.029
   0.450    0.030
   0.510    0.033
   0.570    0.035
   0.630    0.041
   0.690    0.044
   0.750    0.040
   0.810    0.043
   0.870    0.042
   0.930    0.045
   0.990    0.047
   1.050    0.045
   1.110    0.045
   1.170    0.045
   1.230    0.045
   1.290    0.041
   1.350    0.035
   1.410    0.037
   1.470    0.027
   1.530    0.030
   1.590    0.024
   1.650    0.020
   1.710    0.015
   1.770    0.014
   1.830    0.013
   1.890    0.012
   1.950    0.008
   2.010    0.007
   2.070    0.006
   2.130    0.006
   2.190    0.003
   2.250    0.003
   2.310    0.003
   2.370    0.002
   2.430    0.001
   2.490    0.001
   2.550    0.000
   2.610    0.000
   2.670    0.000
   2.730    0.000
   2.790    0.000
   2.850    0.000
   2.910    0.000
   2.970    0.000
hfun:    0.420   -3.352
vdist (0.440)
   0.030    0.002
   0.090    0.009
   0.150    0.010
   0.210    0.016
   0.270    0.019
   0.330    0.023
   0.390    0.027
   0.450    0.027
   0.510    0.031
   0.570    0.038
   0.630    0.037
   0.690    0.045
   0.750    0.041
   0.810    0.044
   0.870    0.046
   0.930    0.043
   0.990    0.051
   1.050    0.046
   1.110    0.045
   1.170    0.043
   1.230    0.039
   1.290    0.042
   1.350    0.036
   1.410    0.036
   1.470    0.029
   1.530    0.030
   1.590    0.023
   1.650    0.023
   1.710    0.019
   1.770    0.016
   1.830    0.015
   1.890    0.011
   1.950    0.008
   2.010    0.007
   2.070    0.006
   2.130    0.005
   2.190    0.004
   2.250    0.004
   2.310    0.003
   2.370    0.002
   2.430    0.001
   2.490    0.000
   2.550    0.001
   2.610    0.000
   2.670    0.000
   2.730    0.000
   2.790    0.000
   2.850    0.000
   2.910    0.000
   2.970    0.000
hfun:    0.440   -3.366
vdist (0.460)
   0.030    0.003
   0.090    0.007
   0.150    0.011
   0.210    0.015
   0.270    0.018
   0.330    0.022
   0.390    0.028
   0.450    0.028
   0.510    0.031
   0.570    0.034
   0.630    0.040
   0.690    0.044
   0.750    0.041
   0.810    0.048
   0.870    0.045
   0.930    0.044
   0.990    0.048
   1.050    0.047
   1.110    0.043
   1.170    0.044
   1.230    0.045
   1.290    0.042
   1.350    0.036
   1.410    0.028
   1.470    0.027
   1.530    0.024
   1.590    0.029
   1.650    0.022
   1.710    0.021
   1.770    0.017
   1.830    0.011
   1.890    0.013
   1.950    0.010
   2.010    0.007
   2.070    0.005
   2.130    0.007
   2.190    0.004
   2.250    0.003
   2.310    0.002
   2.370    0.002
   2.430    0.001
   2.490    0.000
   2.550    0.000
   2.610    0.000
   2.670    0.001
   2.730    0.000
   2.790    0.000
   2.850    0.000
   2.910    0.000
   2.970    0.000
hfun:    0.460   -3.367
vdist (0.480)
   0.030    0.002
   0.090    0.009
   0.150    0.011
   0.210    0.017
   0.270    0.020
   0.330    0.023
   0.390    0.029
   0.450    0.028
   0.510    0.033
   0.570    0.034
   0.630    0.043
   0.690    0.036
   0.750    0.040
   0.810    0.047
   0.870    0.046
   0.930    0.048
   0.990    0.045
   1.050    0.047
   1.110    0.044
   1.170    0.040
   1.230    0.042
   1.290    0.041
   1.350    0.035
   1.410    0.031
   1.470    0.030
   1.530    0.029
   1.590    0.026
   1.650    0.022
   1.710    0.017
   1.770    0.016
   1.830    0.015
   1.890    0.011
   1.950    0.009
   2.010    0.007
   2.070    0.005
   2.130    0.005
   2.190    0.005
   2.250    0.004
   2.310    0.002
   2.370    0.002
   2.430    0.000
   2.490    0.000
   2.550    0.000
   2.610    0.001
   2.670    0.000
   2.730    0.000
   2.790    0.000
   2.850    0.000
   2.910    0.000
   2.970    0.000
hfun:    0.480   -3.365
vdist (0.500)
   0.030    0.004
   0.090    0.010
   0.150    0.015
   0.210    0.017
   0.270    0.020
   0.330    0.024
   0.390    0.025
   0.450    0.028
   0.510    0.032
   0.570    0.036
   0.630    0.043
   0.690    0.040
   0.750    0.041
   0.810    0.046
   0.870    0.044
   0.930    0.046
   0.990    0.043
   1.050    0.043
   1.110    0.047
   1.170    0.043
   1.230    0.043
   1.290    0.041
   1.350    0.032
   1.410    0.034
   1.470    0.031
   1.530    0.028
   1.590    0.021
   1.650    0.020
   1.710    0.019
   1.770    0.017
   1.830    0.015
   1.890    0.013
   1.950    0.012
   2.010    0.007
   2.070    0.006
   2.130    0.004
   2.190    0.005
   2.250    0.003
   2.310    0.002
   2.370    0.002
   2.430    0.001
   2.490    0.001
   2.550    0.000
   2.610    0.000
   2.670    0.000
   2.730    0.000
   2.790    0.000
   2.850    0.000
   2.910    0.000
   2.970    0.000
hfun:    0.500   -3.363
  500   0.5000 -0.0000  1.0004  0.0000  0.6488  0.0045
vdist (0.520)
   0.030    0.004
   0.090    0.009
   0.150    0.015
   0.210    0.018
   0.270    0.018
   0.330    0.024
   0.390    0.024
   0.450    0.034
   0.510    0.035
   0.570    0.035
   0.630    0.041
   0.690    0.041
   0.750    0.043
   0.810    0.046
   0.870    0.043
   0.930    0.041
   0.990    0.049
   1.050    0.043
   1.110    0.043
   1.170    0.042
   1.230    0.041
   1.290    0.039
   1.350    0.033
   1.410    0.032
   1.470    0.031
   1.530    0.026
   1.590    0.024
   1.650    0.021
   1.710    0.020
   1.770    0.016
   1.830    0.013
   1.890    0.013
   1.950    0.010
   2.010    0.006
   2.070    0.006
   2.130    0.007
   2.190    0.005
   2.250    0.003
   2.310    0.001
   2.370    0.001
   2.430    0.001
   2.490    0.001
   2.550    0.000
   2.610    0.000
   2.670    0.000
   2.730    0.000
   2.790    0.000
   2.850    0.000
   2.910    0.000
   2.970    0.000
hfun:    0.520   -3.357
vdist (0.540)
   0.030    0.003
   0.090    0.007
   0.150    0.013
   0.210    0.018
   0.270    0.020
   0.330    0.027
   0.390    0.027
   0.450    0.029
   0.510    0.036
   0.570    0.035
   0.630    0.046
   0.690    0.040
   0.750    0.045
   0.810    0.046
   0.870    0.047
   0.930    0.046
   0.990    0.043
   1.050    0.048
   1.110    0.045
   1.170    0.038
   1.230    0.041
   1.290    0.035
   1.350    0.037
   1.410    0.031
   1.470    0.032
   1.530    0.028
   1.590    0.022
   1.650    0.019
   1.710    0.019
   1.770    0.012
   1.830    0.011
   1.890    0.012
   1.950    0.008
   2.010    0.007
   2.070    0.006
   2.130    0.006
   2.190    0.004
   2.250    0.004
   2.310    0.003
   2.370    0.001
   2.430    0.001
   2.490    0.001
   2.550    0.000
   2.610    0.000
   2.670    0.000
   2.730    0.000
   2.790    0.000
   2.850    0.000
   2.910    0.000
   2.970    0.000
hfun:    0.540   -3.346
vdist (0.560)
   0.030    0.003
   0.090    0.008
   0.150    0.012
   0.210    0.018
   0.270    0.021
   0.330    0.023
   0.390    0.027
   0.450    0.031
   0.510    0.036
   0.570    0.043
   0.630    0.038
   0.690    0.042
   0.750    0.043
   0.810    0.048
   0.870    0.047
   0.930    0.046
   0.990    0.045
   1.050    0.051
   1.110    0.041
   1.170    0.037
   1.230    0.037
   1.290    0.039
   1.350    0.033
   1.410    0.030
   1.470    0.031
   1.530    0.024
   1.590    0.023
   1.650    0.022
   1.710    0.018
   1.770    0.013
   1.830    0.013
   1.890    0.011
   1.950    0.008
   2.010    0.006
   2.070    0.008
   2.130    0.006
   2.190    0.006
   2.250    0.003
   2.310    0.003
   2.370    0.001
   2.430    0.001
   2.490    0.001
   2.550    0.000
   2.610    0.000
   2.670    0.000
   2.730    0.000
   2.790    0.000
   2.850    0.000
   2.910    0.000
   2.970    0.001
hfun:    0.560   -3.351
vdist (0.580)
   0.030    0.004
   0.090    0.009
   0.150    0.012
   0.210    0.015
   0.270    0.021
   0.330    0.021
   0.390    0.028
   0.450    0.035
   0.510    0.035
   0.570    0.041
   0.630    0.038
   0.690    0.041
   0.750    0.048
   0.810    0.054
   0.870    0.045
   0.930    0.043
   0.990    0.044
   1.050    0.044
   1.110    0.037
   1.170    0.042
   1.230    0.037
   1.290    0.035
   1.350    0.033
   1.410    0.031
   1.470    0.031
   1.530    0.028
   1.590    0.020
   1.650    0.022
   1.710    0.024
   1.770    0.014
   1.830    0.009
   1.890    0.013
   1.950    0.008
   2.010    0.005
   2.070    0.007
   2.130    0.005
   2.190    0.007
   2.250    0.005
   2.310    0.003
   2.370    0.001
   2.430    0.001
   2.490    0.001
   2.550    0.001
   2.610    0.000
   2.670    0.000
   2.730    0.000
   2.790    0.000
   2.850    0.000
   2.910    0.000
   2.970    0.001
hfun:    0.580   -3.359
vdist (0.600)
   0.030    0.002
   0.090    0.008
   0.150    0.015
   0.210    0.016
   0.270    0.019
   0.330    0.024
   0.390    0.028
   0.450    0.028
   0.510    0.034
   0.570    0.039
   0.630    0.041
   0.690    0.044
   0.750    0.046
   0.810    0.051
   0.870    0.046
   0.930    0.047
   0.990    0.043
   1.050    0.046
   1.110    0.039
   1.170    0.042
   1.230    0.036
   1.290    0.036
   1.350    0.031
   1.410    0.033
   1.470    0.028
   1.530    0.024
   1.590    0.024
   1.650    0.022
   1.710    0.023
   1.770    0.016
   1.830    0.011
   1.890    0.012
   1.950    0.007
   2.010    0.006
   2.070    0.007
   2.130    0.006
   2.190    0.005
   2.250    0.004
   2.310    0.004
   2.370    0.001
   2.430    0.001
   2.490    0.001
   2.550    0.001
   2.610    0.001
   2.670    0.000
   2.730    0.000
   2.790    0.000
   2.850    0.000
   2.910    0.000
   2.970    0.001
hfun:    0.600   -3.371
  600   0.6000 -0.0000  1.0004  0.0000  0.6416  0.0054
vdist (0.620)
   0.030    0.001
   0.090    0.009
   0.150    0.015
   0.210    0.017
   0.270    0.021
   0.330    0.022
   0.390    0.030
   0.450    0.032
   0.510    0.032
   0.570    0.035
   0.630    0.037
   0.690    0.041
   0.750    0.047
   0.810    0.046
   0.870    0.051
   0.930    0.051
   0.990    0.047
   1.050    0.045
   1.110    0.038
   1.170    0.038
   1.230    0.039
   1.290    0.036
   1.350    0.036
   1.410    0.028
   1.470    0.028
   1.530    0.025
   1.590    0.021
   1.650    0.024
   1.710    0.019
   1.770    0.017
   1.830    0.014
   1.890    0.011
   1.950    0.009
   2.010    0.008
   2.070    0.008
   2.130    0.006
   2.190    0.004
   2.250    0.002
   2.310    0.003
   2.370    0.004
   2.430    0.001
   2.490    0.001
   2.550    0.001
   2.610    0.000
   2.670    0.001
   2.730    0.000
   2.790    0.000
   2.850    0.000
   2.910    0.001
   2.970    0.000
hfun:    0.620   -3.377
vdist (0.640)
   0.030    0.003
   0.090    0.007
   0.150    0.010
   0.210    0.017
   0.270    0.022
   0.330    0.026
   0.390    0.030
   0.450    0.030
   0.510    0.035
   0.570    0.040
   0.630    0.040
   0.690    0.042
   0.750    0.047
   0.810    0.052
   0.870    0.046
   0.930    0.044
   0.990    0.043
   1.050    0.039
   1.110    0.041
   1.170    0.039
   1.230    0.039
   1.290    0.036
   1.350    0.036
   1.410    0.031
   1.470    0.030
   1.530    0.024
   1.590    0.020
   1.650    0.021
   1.710    0.018
   1.770    0.017
   1.830    0.015
   1.890    0.013
   1.950    0.010
   2.010    0.009
   2.070    0.006
   2.130    0.004
   2.190    0.005
   2.250    0.004
   2.310    0.003
   2.370    0.002
   2.430    0.002
   2.490    0.001
   2.550    0.001
   2.610    0.000
   2.670    0.001
   2.730    0.000
   2.790    0.000
   2.850    0.001
   2.910    0.000
   2.970    0.001
hfun:    0.640   -3.382
vdist (0.660)
   0.030    0.003
   0.090    0.008
   0.150    0.015
   0.210    0.016
   0.270    0.019
   0.330    0.025
   0.390    0.028
   0.450    0.030
   0.510    0.037
   0.570    0.034
   0.630    0.043
   0.690    0.042
   0.750    0.051
   0.810    0.052
   0.870    0.050
   0.930    0.041
   0.990    0.040
   1.050    0.045
   1.110    0.036
   1.170    0.036
   1.230    0.038
   1.290    0.038
   1.350    0.029
   1.410    0.032
   1.470    0.025
   1.530    0.026
   1.590    0.025
   1.650    0.021
   1.710    0.020
   1.770    0.018
   1.830    0.016
   1.890    0.013
   1.950    0.010
   2.010    0.006
   2.070    0.006
   2.130    0.004
   2.190    0.004
   2.250    0.003
   2.310    0.003
   2.370    0.003
   2.430    0.002
   2.490    0.002
   2.550    0.001
   2.610    0.001
   2.670    0.001
   2.730    0.000
   2.790    0.001
   2.850    0.000
   2.910    0.000
   2.970    0.001
hfun:    0.660   -3.384
vdist (0.680)
   0.030    0.002
   0.090    0.007
   0.150    0.013
   0.210    0.017
   0.270    0.020
   0.330    0.027
   0.390    0.033
   0.450    0.031
   0.510    0.034
   0.570    0.038
   0.630    0.042
   0.690    0.043
   0.750    0.046
   0.810    0.048
   0.870    0.046
   0.930    0.044
   0.990    0.044
   1.050    0.039
   1.110    0.038
   1.170    0.045
   1.230    0.036
   1.290    0.032
   1.350    0.029
   1.410    0.030
   1.470    0.029
   1.530    0.029
   1.590    0.022
   1.650    0.018
   1.710    0.020
   1.770    0.021
   1.830    0.013
   1.890    0.014
   1.950    0.010
   2.010    0.010
   2.070    0.005
   2.130    0.005
   2.190    0.004
   2.250    0.004
   2.310    0.004
   2.370    0.002
   2.430    0.002
   2.490    0.001
   2.550    0.001
   2.610    0.001
   2.670    0.001
   2.730    0.000
   2.790    0.000
   2.850    0.000
   2.910    0.000
   2.970    0.000
hfun:    0.680   -3.378
vdist (0.700)
   0.030    0.003
   0.090    0.008
   0.150    0.015
   0.210    0.018
   0.270    0.024
   0.330    0.027
   0.390    0.032
   0.450    0.032
   0.510    0.036
   0.570    0.039
   0.630    0.039
   0.690    0.039
   0.750    0.045
   0.810    0.045
   0.870    0.048
   0.930    0.044
   0.990    0.049
   1.050    0.044
   1.110    0.043
   1.170    0.040
   1.230    0.034
   1.290    0.038
   1.350    0.028
   1.410    0.030
   1.470    0.026
   1.530    0.025
   1.590    0.017
   1.650    0.017
   1.710    0.018
   1.770    0.019
   1.830    0.013
   1.890    0.011
   1.950    0.010
   2.010    0.008
   2.070    0.007
   2.130    0.006
   2.190    0.004
   2.250    0.003
   2.310    0.004
   2.370    0.002
   2.430    0.002
   2.490    0.001
   2.550    0.001
   2.610    0.001
   2.670    0.001
   2.730    0.001
   2.790    0.000
   2.850    0.000
   2.910    0.000
   2.970    0.000
hfun:    0.700   -3.365
  700   0.7000 -0.0000  1.0004  0.0000  0.6521  0.0051
vdist (0.720)
   0.030    0.003
   0.090    0.009
   0.150    0.014
   0.210    0.019
   0.270    0.023
   0.330    0.028
   0.390    0.035
   0.450    0.034
   0.510    0.034
   0.570    0.039
   0.630    0.041
   0.690    0.039
   0.750    0.047
   0.810    0.044
   0.870    0.046
   0.930    0.048
   0.990    0.043
   1.050    0.046
   1.110    0.039
   1.170    0.042
   1.230    0.035
   1.290    0.036
   1.350    0.030
   1.410    0.028
   1.470    0.026
   1.530    0.022
   1.590    0.021
   1.650    0.019
   1.710    0.017
   1.770    0.016
   1.830    0.013
   1.890    0.011
   1.950    0.008
   2.010    0.009
   2.070    0.007
   2.130    0.006
   2.190    0.004
   2.250    0.004
   2.310    0.003
   2.370    0.002
   2.430    0.001
   2.490    0.002
   2.550    0.001
   2.610    0.001
   2.670    0.002
   2.730    0.001
   2.790    0.001
   2.850    0.001
   2.910    0.000
   2.970    0.000
hfun:    0.720   -3.363
vdist (0.740)
   0.030    0.003
   0.090    0.008
   0.150    0.015
   0.210    0.020
   0.270    0.027
   0.330    0.027
   0.390    0.033
   0.450    0.033
   0.510    0.040
   0.570    0.037
   0.630    0.038
   0.690    0.040
   0.750    0.045
   0.810    0.047
   0.870    0.048
   0.930    0.041
   0.990    0.041
   1.050    0.043
   1.110    0.043
   1.170    0.043
   1.230    0.034
   1.290    0.034
   1.350    0.030
   1.410    0.029
   1.470    0.029
   1.530    0.029
   1.590    0.021
   1.650    0.018
   1.710    0.015
   1.770    0.015
   1.830    0.012
   1.890    0.009
   1.950    0.008
   2.010    0.006
   2.070    0.008
   2.130    0.007
   2.190    0.005
   2.250    0.003
   2.310    0.003
   2.370    0.003
   2.430    0.002
   2.490    0.001
   2.550    0.001
   2.610    0.001
   2.670    0.001
   2.730    0.002
   2.790    0.001
   2.850    0.000
   2.910    0.000
   2.970    0.001
hfun:    0.740   -3.364
vdist (0.760)
   0.030    0.004
   0.090    0.008
   0.150    0.015
   0.210    0.018
   0.270    0.026
   0.330    0.031
   0.390    0.030
   0.450    0.029
   0.510    0.037
   0.570    0.039
   0.630    0.039
   0.690    0.045
   0.750    0.047
   0.810    0.048
   0.870    0.046
   0.930    0.042
   0.990    0.043
   1.050    0.038
   1.110    0.041
   1.170    0.043
   1.230    0.035
   1.290    0.035
   1.350    0.031
   1.410    0.025
   1.470    0.029
   1.530    0.025
   1.590    0.022
   1.650    0.017
   1.710    0.016
   1.770    0.018
   1.830    0.013
   1.890    0.010
   1.950    0.008
   2.010    0.007
   2.070    0.007
   2.130    0.007
   2.190    0.007
   2.250    0.004
   2.310    0.003
   2.370    0.002
   2.430    0.003
   2.490    0.001
   2.550    0.001
   2.610    0.001
   2.670    0.001
   2.730    0.001
   2.790    0.001
   2.850    0.001
   2.910    0.000
   2.970    0.001
hfun:    0.760   -3.371
vdist (0.780)
   0.030    0.003
   0.090    0.009
   0.150    0.015
   0.210    0.019
   0.270    0.025
   0.330    0.028
   0.390    0.033
   0.450    0.030
   0.510    0.036
   0.570    0.039
   0.630    0.043
   0.690    0.042
   0.750    0.049
   0.810    0.045
   0.870    0.042
   0.930    0.044
   0.990    0.042
   1.050    0.041
   1.110    0.038
   1.170    0.040
   1.230    0.035
   1.290    0.034
   1.350    0.031
   1.410    0.032
   1.470    0.028
   1.530    0.021
   1.590    0.019
   1.650    0.021
   1.710    0.020
   1.770    0.015
   1.830    0.013
   1.890    0.012
   1.950    0.008
   2.010    0.010
   2.070    0.006
   2.130    0.006
   2.190    0.006
   2.250    0.004
   2.310    0.004
   2.370    0.002
   2.430    0.002
   2.490    0.001
   2.550    0.001
   2.610    0.001
   2.670    0.002
   2.730    0.001
   2.790    0.001
   2.850    0.000
   2.910    0.001
   2.970    0.001
hfun:    0.780   -3.381
vdist (0.800)
   0.030    0.004
   0.090    0.008
   0.150    0.015
   0.210    0.017
   0.270    0.027
   0.330    0.028
   0.390    0.032
   0.450    0.032
   0.510    0.036
   0.570    0.039
   0.630    0.040
   0.690    0.044
   0.750    0.048
   0.810    0.045
   0.870    0.041
   0.930    0.042
   0.990    0.046
   1.050    0.037
   1.110    0.037
   1.170    0.041
   1.230    0.035
   1.290    0.038
   1.350    0.032
   1.410    0.026
   1.470    0.027
   1.530    0.022
   1.590    0.024
   1.650    0.019
   1.710    0.019
   1.770    0.016
   1.830    0.015
   1.890    0.011
   1.950    0.010
   2.010    0.009
   2.070    0.007
   2.130    0.005
   2.190    0.006
   2.250    0.004
   2.310    0.004
   2.370    0.003
   2.430    0.003
   2.490    0.001
   2.550    0.001
   2.610    0.001
   2.670    0.001
   2.730    0.001
   2.790    0.001
   2.850    0.000
   2.910    0.000
   2.970    0.001
hfun:    0.800   -3.386
  800   0.8000 -0.0000  1.0004  0.0000  0.6468  0.0064
vdist (0.820)
   0.030    0.004
   0.090    0.009
   0.150    0.017
   0.210    0.017
   0.270    0.025
   0.330    0.028
   0.390    0.029
   0.450    0.031
   0.510    0.039
   0.570    0.037
   0.630    0.038
   0.690    0.044
   0.750    0.047
   0.810    0.041
   0.870    0.049
   0.930    0.045
   0.990    0.044
   1.050    0.039
   1.110    0.033
   1.170    0.040
   1.230    0.037
   1.290    0.040
   1.350    0.035
   1.410    0.029
   1.470    0.025
   1.530    0.025
   1.590    0.020
   1.650    0.018
   1.710    0.017
   1.770    0.017
   1.830    0.014
   1.890    0.013
   1.950    0.012
   2.010    0.007
   2.070    0.006
   2.130    0.005
   2.190    0.007
   2.250    0.005
   2.310    0.003
   2.370    0.002
   2.430    0.003
   2.490    0.001
   2.550    0.001
   2.610    0.001
   2.670    0.001
   2.730    0.001
   2.790    0.001
   2.850    0.000
   2.910    0.000
   2.970    0.000
hfun:    0.820   -3.382
vdist (0.840)
   0.030    0.002
   0.090    0.007
   0.150    0.016
   0.210    0.016
   0.270    0.025
   0.330    0.030
   0.390    0.031
   0.450    0.034
   0.510    0.039
   0.570    0.037
   0.630    0.040
   0.690    0.040
   0.750    0.044
   0.810    0.044
   0.870    0.044
   0.930    0.047
   0.990    0.042
   1.050    0.040
   1.110    0.040
   1.170    0.040
   1.230    0.036
   1.290    0.035
   1.350    0.036
   1.410    0.032
   1.470    0.027
   1.530    0.024
   1.590    0.022
   1.650    0.020
   1.710    0.013
   1.770    0.016
   1.830    0.014
   1.890    0.013
   1.950    0.009
   2.010    0.007
   2.070    0.006
   2.130    0.006
   2.190    0.007
   2.250    0.005
   2.310    0.004
   2.370    0.002
   2.430    0.003
   2.490    0.002
   2.550    0.001
   2.610    0.001
   2.670    0.001
   2.730    0.001
   2.790    0.001
   2.850    0.000
   2.910    0.000
   2.970    0.000
hfun:    0.840   -3.387
vdist (0.860)
   0.030    0.003
   0.090    0.007
   0.150    0.014
   0.210    0.016
   0.270    0.019
   0.330    0.030
   0.390    0.035
   0.450    0.035
   0.510    0.037
   0.570    0.038
   0.630    0.039
   0.690    0.041
   0.750    0.040
   0.810    0.045
   0.870    0.048
   0.930    0.048
   0.990    0.042
   1.050    0.038
   1.110    0.045
   1.170    0.044
   1.230    0.033
   1.290    0.035
   1.350    0.037
   1.410    0.030
   1.470    0.025
   1.530    0.022
   1.590    0.023
   1.650    0.020
   1.710    0.015
   1.770    0.015
   1.830    0.015
   1.890    0.013
   1.950    0.009
   2.010    0.008
   2.070    0.006
   2.130    0.004
   2.190    0.004
   2.250    0.005
   2.310    0.004
   2.370    0.003
   2.430    0.003
   2.490    0.002
   2.550    0.002
   2.610    0.002
   2.670    0.000
   2.730    0.001
   2.790    0.001
   2.850    0.001
   2.910    0.000
   2.970    0.000
hfun:    0.860   -3.390
vdist (0.880)
   0.030    0.002
   0.090    0.007
   0.150    0.011
   0.210    0.018
   0.270    0.021
   0.330    0.029
   0.390    0.029
   0.450    0.031
   0.510    0.039
   0.570    0.043
   0.630    0.042
   0.690    0.038
   0.750    0.048
   0.810    0.044
   0.870    0.049
   0.930    0.048
   0.990    0.040
   1.050    0.038
   1.110    0.042
   1.170    0.038
   1.230    0.037
   1.290    0.035
   1.350    0.035
   1.410    0.033
   1.470    0.029
   1.530    0.022
   1.590    0.018
   1.650    0.018
   1.710    0.018
   1.770    0.013
   1.830    0.014
   1.890    0.012
   1.950    0.012
   2.010    0.007
   2.070    0.006
   2.130    0.005
   2.190    0.005
   2.250    0.004
   2.310    0.003
   2.370    0.003
   2.430    0.004
   2.490    0.002
   2.550    0.002
   2.610    0.001
   2.670    0.001
   2.730    0.000
   2.790    0.001
   2.850    0.001
   2.910    0.001
   2.970    0.001
hfun:    0.880   -3.395
vdist (0.900)
   0.030    0.003
   0.090    0.008
   0.150    0.015
   0.210    0.018
   0.270    0.022
   0.330    0.028
   0.390    0.026
   0.450    0.030
   0.510    0.039
   0.570    0.044
   0.630    0.045
   0.690    0.042
   0.750    0.049
   0.810    0.040
   0.870    0.041
   0.930    0.043
   0.990    0.041
   1.050    0.039
   1.110    0.041
   1.170    0.038
   1.230    0.036
   1.290    0.037
   1.350    0.039
   1.410    0.028
   1.470    0.025
   1.530    0.021
   1.590    0.022
   1.650    0.019
   1.710    0.015
   1.770    0.017
   1.830    0.012
   1.890    0.010
   1.950    0.014
   2.010    0.006
   2.070    0.007
   2.130    0.005
   2.190    0.006
   2.250    0.004
   2.310    0.004
   2.370    0.004
   2.430    0.003
   2.490    0.001
   2.550    0.001
   2.610    0.002
   2.670    0.001
   2.730    0.001
   2.790    0.001
   2.850    0.000
   2.910    0.001
   2.970    0.002
hfun:    0.900   -3.399
  900   0.9000 -0.0000  1.0004  0.0000  0.6599  0.0044
vdist (0.920)
   0.030    0.002
   0.090    0.007
   0.150    0.015
   0.210    0.021
   0.270    0.023
   0.330    0.031
   0.390    0.030
   0.450    0.032
   0.510    0.039
   0.570    0.042
   0.630    0.038
   0.690    0.040
   0.750    0.047
   0.810    0.044
   0.870    0.046
   0.930    0.045
   0.990    0.040
   1.050    0.041
   1.110    0.038
   1.170    0.034
   1.230    0.037
   1.290    0.033
   1.350    0.036
   1.410    0.028
   1.470    0.022
   1.530    0.022
   1.590    0.024
   1.650    0.019
   1.710    0.020
   1.770    0.016
   1.830    0.013
   1.890    0.011
   1.950    0.013
   2.010    0.006
   2.070    0.007
   2.130    0.007
   2.190    0.006
   2.250    0.004
   2.310    0.004
   2.370    0.004
   2.430    0.002
   2.490    0.002
   2.550    0.001
   2.610    0.002
   2.670    0.001
   2.730    0.001
   2.790    0.001
   2.850    0.000
   2.910    0.001
   2.970    0.002
hfun:    0.920   -3.395
vdist (0.940)
   0.030    0.002
   0.090    0.006
   0.150    0.014
   0.210    0.019
   0.270    0.024
   0.330    0.030
   0.390    0.032
   0.450    0.037
   0.510    0.040
   0.570    0.038
   0.630    0.042
   0.690    0.044
   0.750    0.044
   0.810    0.041
   0.870    0.046
   0.930    0.042
   0.990    0.041
   1.050    0.047
   1.110    0.041
   1.170    0.035
   1.230    0.035
   1.290    0.035
   1.350    0.033
   1.410    0.027
   1.470    0.026
   1.530    0.021
   1.590    0.020
   1.650    0.020
   1.710    0.019
   1.770    0.013
   1.830    0.014
   1.890    0.013
   1.950    0.010
   2.010    0.008
   2.070    0.008
   2.130    0.006
   2.190    0.005
   2.250    0.005
   2.310    0.003
   2.370    0.003
   2.430    0.003
   2.490    0.002
   2.550    0.001
   2.610    0.001
   2.670    0.001
   2.730    0.001
   2.790    0.001
   2.850    0.000
   2.910    0.000
   2.970    0.002
hfun:    0.940   -3.387
vdist (0.960)
   0.030    0.003
   0.090    0.007
   0.150    0.013
   0.210    0.017
   0.270    0.021
   0.330    0.026
   0.390    0.033
   0.450    0.037
   0.510    0.042
   0.570    0.044
   0.630    0.040
   0.690    0.043
   0.750    0.051
   0.810    0.046
   0.870    0.041
   0.930    0.042
   0.990    0.038
   1.050    0.043
   1.110    0.042
   1.170    0.040
   1.230    0.033
   1.290    0.036
   1.350    0.032
   1.410    0.028
   1.470    0.026
   1.530    0.024
   1.590    0.019
   1.650    0.020
   1.710    0.019
   1.770    0.012
   1.830    0.013
   1.890    0.013
   1.950    0.011
   2.010    0.008
   2.070    0.008
   2.130    0.005
   2.190    0.005
   2.250    0.004
   2.310    0.003
   2.370    0.002
   2.430    0.001
   2.490    0.002
   2.550    0.002
   2.610    0.001
   2.670    0.001
   2.730    0.001
   2.790    0.001
   2.850    0.001
   2.910    0.000
   2.970    0.001
hfun:    0.960   -3.373
vdist (0.980)
   0.030    0.003
   0.090    0.008
   0.150    0.015
   0.210    0.016
   0.270    0.021
   0.330    0.028
   0.390    0.028
   0.450    0.039
   0.510    0.041
   0.570    0.044
   0.630    0.038
   0.690    0.042
   0.750    0.047
   0.810    0.048
   0.870    0.045
   0.930    0.041
   0.990    0.044
   1.050    0.041
   1.110    0.040
   1.170    0.037
   1.230    0.035
   1.290    0.037
   1.350    0.033
   1.410    0.029
   1.470    0.024
   1.530    0.024
   1.590    0.017
   1.650    0.019
   1.710    0.017
   1.770    0.014
   1.830    0.015
   1.890    0.012
   1.950    0.010
   2.010    0.009
   2.070    0.008
   2.130    0.005
   2.190    0.006
   2.250    0.004
   2.310    0.002
   2.370    0.002
   2.430    0.002
   2.490    0.002
   2.550    0.001
   2.610    0.001
   2.670    0.001
   2.730    0.001
   2.790    0.001
   2.850    0.001
   2.910    0.000
   2.970    0.001
hfun:    0.980   -3.367
vdist (1.000)
   0.030    0.002
   0.090    0.006
   0.150    0.012
   0.210    0.016
   0.270    0.026
   0.330    0.027
   0.390    0.033
   0.450    0.040
   0.510    0.037
   0.570    0.043
   0.630    0.046
   0.690    0.044
   0.750    0.044
   0.810    0.041
   0.870    0.043
   0.930    0.042
   0.990    0.041
   1.050    0.045
   1.110    0.038
   1.170    0.038
   1.230    0.038
   1.290    0.032
   1.350    0.036
   1.410    0.029
   1.470    0.029
   1.530    0.024
   1.590    0.019
   1.650    0.019
   1.710    0.016
   1.770    0.012
   1.830    0.014
   1.890    0.013
   1.950    0.010
   2.010    0.008
   2.070    0.007
   2.130    0.005
   2.190    0.005
   2.250    0.003
   2.310    0.002
   2.370    0.002
   2.430    0.003
   2.490    0.002
   2.550    0.001
   2.610    0.001
   2.670    0.001
   2.730    0.001
   2.790    0.001
   2.850    0.000
   2.910    0.000
   2.970    0.002
hfun:    1.000   -3.364
 1000   1.0000 -0.0000  1.0004  0.0000  0.6518  0.0084
